<?xml version="1.0" encoding="UTF-8"?>
<!-- Generated by org.testng.reporters.JUnitReportReporter -->
<testsuite skipped="0" hostname="Sujoy-PC" name="mercury.testcases.LoginTest" tests="1" failures="0" timestamp="12 Apr 2019 16:20:30 GMT" time="7.076" errors="0">
  <testcase name="validLoginTest" time="7.076" classname="mercury.testcases.LoginTest"/>
</testsuite> <!-- mercury.testcases.LoginTest -->
