<?xml version="1.0" encoding="UTF-8"?>
<!-- Generated by org.testng.reporters.JUnitReportReporter -->
<testsuite skipped="0" hostname="Sujoy-PC" name="mercury.testcases.RegisterTest" tests="1" failures="0" timestamp="12 Apr 2019 16:20:30 GMT" time="3.739" errors="0">
  <testcase name="registerTest" time="3.739" classname="mercury.testcases.RegisterTest"/>
</testsuite> <!-- mercury.testcases.RegisterTest -->
